<?xml version="1.0" encoding="UTF-8"?>
<testsuite name="HotelReservationTest" tests="1" skipped="0" failures="0" errors="0" timestamp="2020-12-05T14:35:19" hostname="DESKTOP-J9DM2GE" time="0.036">
  <properties/>
  <testcase name="TestToCheck_CheapandBest_HotelforDateRange_forRewardCustomer" classname="HotelReservationTest" time="0.036"/>
  <system-out><![CDATA[Weekday rates of hotel for Regular customers
Weekend rates of hotel for Regular Customers
Weekday rates of hotel for Reward customers
Hotel name: Ridgewood Rates: 100
Hotel name: Bridgewood Rates: 110
Hotel name: Lakewood Rates: 80
Weekend rates of hotel for Reward Customers
Hotel name: Ridgewood Rates: 40
Hotel name: Bridgewood Rates: 50
Hotel name: Lakewood Rates: 80
Rating of Lakewood is: 3
Rating of Bridgewood is: 4
Rating of Ridgewood is: 5
Cheapest hotel is LakeWood with rates 240 and has rating 3
]]></system-out>
  <system-err><![CDATA[]]></system-err>
</testsuite>
