<?xml version="1.0" encoding="UTF-8"?>
<testsuite name="HotelReservationTest" tests="1" skipped="0" failures="0" errors="0" timestamp="2020-12-05T11:26:59" hostname="DESKTOP-J9DM2GE" time="0.034">
  <properties/>
  <testcase name="Test3ToCheck_CheapandBest_HotelforDateRange" classname="HotelReservationTest" time="0.034"/>
  <system-out><![CDATA[Weekday rates of hotel
Hotel name: Ridgewood Rates: 220
Hotel name: Bridgewood Rates: 160
Hotel name: Lakewood Rates: 110
Weekend rates of hotel
Hotel name: Ridgewood Rates: 150
Hotel name: Bridgewood Rates: 60
Hotel name: Lakewood Rates: 90
Rating of Lakewood is: 3
Rating of Bridgewood is: 4
Rating of Ridgewood is: 5
Cheapest hotel is LakeWood with rates 330 and has rating 3
]]></system-out>
  <system-err><![CDATA[]]></system-err>
</testsuite>
